<?xml version="1.0" encoding="UTF-8"?>
<testng-results skipped="0" failed="0" ignored="0" total="2" passed="2">
  <reporter-output>
  </reporter-output>
  <suite name="Suite" duration-ms="7198" started-at="2021-04-23T08:39:29Z" finished-at="2021-04-23T08:39:36Z">
    <groups>
    </groups>
    <test name="Test" duration-ms="7198" started-at="2021-04-23T08:39:29Z" finished-at="2021-04-23T08:39:36Z">
      <class name="jenkins_test.Test_jenkins">
        <test-method status="PASS" signature="test1()[pri:0, instance:jenkins_test.Test_jenkins@47d384ee]" name="test1" duration-ms="7177" started-at="2021-04-23T14:09:29Z" finished-at="2021-04-23T14:09:36Z">
          <reporter-output>
          </reporter-output>
        </test-method> <!-- test1 -->
      </class> <!-- jenkins_test.Test_jenkins -->
      <class name="jenkins_test.test2">
        <test-method status="PASS" signature="jenkins_test2()[pri:0, instance:jenkins_test.test2@3930015a]" name="jenkins_test2" duration-ms="1" started-at="2021-04-23T14:09:36Z" finished-at="2021-04-23T14:09:36Z">
          <reporter-output>
          </reporter-output>
        </test-method> <!-- jenkins_test2 -->
      </class> <!-- jenkins_test.test2 -->
    </test> <!-- Test -->
  </suite> <!-- Suite -->
</testng-results>
